
> ems-frontend@0.1.0 build
> next build

▲ Next.js 16.2.4 (Turbopack)
- Environments: .env.local, .env

  Creating an optimized production build ...
✓ Compiled successfully in 34.2s
  Running TypeScript ...
  Finished TypeScript in 40s ...
  Collecting page data using 7 workers ...
  Generating static pages using 7 workers (0/25) ...
  Generating static pages using 7 workers (6/25) 
  Generating static pages using 7 workers (12/25) 
  Generating static pages using 7 workers (18/25) 
✓ Generating static pages using 7 workers (25/25) in 1956ms
  Finalizing page optimization ...

Route (app)
┌ ○ /
├ ○ /_not-found
├ ○ /announcements
├ ƒ /api/announcements
├ ƒ /api/announcements/[id]
├ ƒ /api/attendance
├ ƒ /api/attendance/[id]
├ ƒ /api/dashboard/stats
├ ƒ /api/ems-profile
├ ƒ /api/meetings
├ ƒ /api/tasks
├ ƒ /api/tasks/[id]
├ ƒ /api/tasks/my-tasks
├ ƒ /api/teams
├ ƒ /api/teams/[id]
├ ƒ /api/tracking
├ ƒ /api/tracking/[id]
├ ƒ /api/users
├ ƒ /api/users/[ssoUserId]
├ ƒ /api/users/me
├ ○ /attendance
├ ○ /auth/callback
├ ○ /calendar
├ ○ /dashboard
├ ○ /meetings
├ ○ /settings
├ ○ /tasks
├ ○ /teams
├ ○ /tracking
└ ○ /users


○  (Static)   prerendered as static content
ƒ  (Dynamic)  server-rendered on demand

